0 info it worked if it ends with ok
1 verbose cli [ '/usr/bin/nodejs', '/usr/bin/npm', 'start' ]
2 info using npm@3.9.5
3 info using node@v4.4.3
4 verbose run-script [ 'prestart', 'start', 'poststart' ]
5 info lifecycle zadanie@1.0.0~prestart: zadanie@1.0.0
6 silly lifecycle zadanie@1.0.0~prestart: no script for prestart, continuing
7 info lifecycle zadanie@1.0.0~start: zadanie@1.0.0
8 verbose lifecycle zadanie@1.0.0~start: unsafe-perm in lifecycle true
9 verbose lifecycle zadanie@1.0.0~start: PATH: /usr/lib/node_modules/npm/bin/node-gyp-bin:/home/dawid/Projekty/thenets/node_modules/.bin:/usr/bin:/usr/local/heroku/bin:/usr/local/sbin:/usr/local/bin:/usr/sbin:/usr/bin:/sbin:/bin:/usr/games:/usr/local/games:/snap/bin:/opt/android-sdk/tools:/opt/android-sdk/platform-tools:/opt/node/bin:/opt/gradle/bin:/home/dawid/.rvm/bin:/home/dawid/.rvm/bin
10 verbose lifecycle zadanie@1.0.0~start: CWD: /home/dawid/Projekty/thenets
11 silly lifecycle zadanie@1.0.0~start: Args: [ '-c', 'node ./bin/www.js' ]
12 silly lifecycle zadanie@1.0.0~start: Returned: code: 1  signal: null
13 info lifecycle zadanie@1.0.0~start: Failed to exec start script
14 verbose stack Error: zadanie@1.0.0 start: `node ./bin/www.js`
14 verbose stack Exit status 1
14 verbose stack     at EventEmitter.<anonymous> (/usr/lib/node_modules/npm/lib/utils/lifecycle.js:245:16)
14 verbose stack     at emitTwo (events.js:87:13)
14 verbose stack     at EventEmitter.emit (events.js:172:7)
14 verbose stack     at ChildProcess.<anonymous> (/usr/lib/node_modules/npm/lib/utils/spawn.js:24:14)
14 verbose stack     at emitTwo (events.js:87:13)
14 verbose stack     at ChildProcess.emit (events.js:172:7)
14 verbose stack     at maybeClose (internal/child_process.js:827:16)
14 verbose stack     at Process.ChildProcess._handle.onexit (internal/child_process.js:211:5)
15 verbose pkgid zadanie@1.0.0
16 verbose cwd /home/dawid/Projekty/thenets
17 error Linux 4.4.0-38-generic
18 error argv "/usr/bin/nodejs" "/usr/bin/npm" "start"
19 error node v4.4.3
20 error npm  v3.9.5
21 error code ELIFECYCLE
22 error zadanie@1.0.0 start: `node ./bin/www.js`
22 error Exit status 1
23 error Failed at the zadanie@1.0.0 start script 'node ./bin/www.js'.
23 error Make sure you have the latest version of node.js and npm installed.
23 error If you do, this is most likely a problem with the zadanie package,
23 error not with npm itself.
23 error Tell the author that this fails on your system:
23 error     node ./bin/www.js
23 error You can get information on how to open an issue for this project with:
23 error     npm bugs zadanie
23 error Or if that isn't available, you can get their info via:
23 error     npm owner ls zadanie
23 error There is likely additional logging output above.
24 verbose exit [ 1, true ]
